%!Adobe-FontList 1.22
%Locale:0x409

%BeginFont
Handler:DirectoryHandler
FontType:Invalid
OutlineFileName:/Users/jcrp/Desktop/DPR 2020 2do semestre/REPORTE DPR/REPORTE DPR Layout/DPR Reporte Layout_Desarrollo/Document fonts/AdobeFnt22.lst
FileLength:4262
FileModTime:634181780
%EndFont

%BeginFont
Handler:DirectoryHandler
FontType:TrueType
FontName:Roboto-Black
FamilyName:Roboto
StyleName:Black
MenuName:Roboto Bk
StyleBits:2
WeightClass:400
WidthClass:5
AngleClass:0
FullName:Roboto Black
WritingScript:Roman
OutlineFileName:/Users/jcrp/Desktop/DPR 2020 2do semestre/REPORTE DPR/REPORTE DPR Layout/DPR Reporte Layout_Desarrollo/Document fonts/Roboto-Black.ttf
DataFormat:sfntData
hasSVG:no
VariableFontType:NonVariableFont
FileLength:164936
FileModTime:344283416
NameArray:0,Mac,18,Roboto Black
NameArray:0,Mac,4,Roboto Black
NameArray:0,Win,1,Roboto Bk
NameArray:0,Win,16,Roboto
%EndFont

%BeginFont
Handler:DirectoryHandler
FontType:TrueType
FontName:Roboto-Bold
FamilyName:Roboto
StyleName:Bold
MenuName:Roboto
StyleBits:2
WeightClass:700
WidthClass:5
AngleClass:0
FullName:Roboto Bold
WritingScript:Roman
OutlineFileName:/Users/jcrp/Desktop/DPR 2020 2do semestre/REPORTE DPR/REPORTE DPR Layout/DPR Reporte Layout_Desarrollo/Document fonts/Roboto-Bold.ttf
DataFormat:sfntData
hasSVG:no
VariableFontType:NonVariableFont
FileLength:163448
FileModTime:344283416
NameArray:0,Mac,18,Roboto Bold
NameArray:0,Mac,4,Roboto Bold
NameArray:0,Win,1,Roboto
%EndFont

%BeginFont
Handler:DirectoryHandler
FontType:TrueType
FontName:Roboto-BoldCondensed
FamilyName:Roboto
StyleName:Bold Condensed
MenuName:Roboto Cn
StyleBits:2
WeightClass:700
WidthClass:3
AngleClass:0
FullName:Roboto Bold Condensed
WritingScript:Roman
OutlineFileName:/Users/jcrp/Desktop/DPR 2020 2do semestre/REPORTE DPR/REPORTE DPR Layout/DPR Reporte Layout_Desarrollo/Document fonts/Roboto-BoldCondensed.ttf
DataFormat:sfntData
hasSVG:no
VariableFontType:NonVariableFont
FileLength:161308
FileModTime:344283416
NameArray:0,Mac,18,Roboto Bold Condensed
NameArray:0,Mac,4,Roboto Bold Condensed
NameArray:0,Win,1,Roboto Cn
NameArray:0,Win,16,Roboto
%EndFont

%BeginFont
Handler:DirectoryHandler
FontType:TrueType
FontName:Roboto-Condensed
FamilyName:Roboto
StyleName:Condensed
MenuName:Roboto Cn
StyleBits:0
WeightClass:400
WidthClass:3
AngleClass:0
FullName:Roboto Condensed
WritingScript:Roman
OutlineFileName:/Users/jcrp/Desktop/DPR 2020 2do semestre/REPORTE DPR/REPORTE DPR Layout/DPR Reporte Layout_Desarrollo/Document fonts/Roboto-Condensed.ttf
DataFormat:sfntData
hasSVG:no
VariableFontType:NonVariableFont
FileLength:158284
FileModTime:344283416
NameArray:0,Mac,18,Roboto Condensed
NameArray:0,Mac,4,Roboto Condensed
NameArray:0,Win,1,Roboto Cn
NameArray:0,Win,16,Roboto
%EndFont

%BeginFont
Handler:DirectoryHandler
FontType:TrueType
FontName:Roboto-Medium
FamilyName:Roboto
StyleName:Medium
MenuName:Roboto Lt
StyleBits:0
WeightClass:500
WidthClass:5
AngleClass:0
FullName:Roboto Medium
WritingScript:Roman
OutlineFileName:/Users/jcrp/Desktop/DPR 2020 2do semestre/REPORTE DPR/REPORTE DPR Layout/DPR Reporte Layout_Desarrollo/Document fonts/Roboto-Medium.ttf
DataFormat:sfntData
hasSVG:no
VariableFontType:NonVariableFont
FileLength:160696
FileModTime:344283418
NameArray:0,Mac,18,Roboto Medium
NameArray:0,Mac,4,Roboto Medium
NameArray:0,Win,1,Roboto Lt
NameArray:0,Win,16,Roboto
%EndFont

%BeginFont
Handler:DirectoryHandler
FontType:TrueType
FontName:Roboto-Regular
FamilyName:Roboto
StyleName:Regular
MenuName:Roboto
StyleBits:0
WeightClass:400
WidthClass:5
AngleClass:0
FullName:Roboto Regular
WritingScript:Roman
OutlineFileName:/Users/jcrp/Desktop/DPR 2020 2do semestre/REPORTE DPR/REPORTE DPR Layout/DPR Reporte Layout_Desarrollo/Document fonts/Roboto-Regular.ttf
DataFormat:sfntData
hasSVG:no
VariableFontType:NonVariableFont
FileLength:158604
FileModTime:344283418
NameArray:0,Mac,18,Roboto Regular
NameArray:0,Mac,4,Roboto Regular
NameArray:0,Win,1,Roboto
%EndFont

%BeginFont
Handler:DirectoryHandler
FontType:TrueType
FontName:RobotoCondensed-Bold
FamilyName:Roboto Condensed
StyleName:Bold
MenuName:Roboto Condensed
StyleBits:2
WeightClass:700
WidthClass:5
AngleClass:0
FullName:Roboto Condensed Bold
WritingScript:Roman
OutlineFileName:/Users/jcrp/Desktop/DPR 2020 2do semestre/REPORTE DPR/REPORTE DPR Layout/DPR Reporte Layout_Desarrollo/Document fonts/RobotoCondensed-Bold.ttf
DataFormat:sfntData
hasSVG:no
VariableFontType:NonVariableFont
FileLength:169352
FileModTime:362379600
NameArray:0,Win,1,Roboto Condensed
%EndFont

